<?xml version="1.0" encoding="UTF-8"?>
<!-- Generated by org.testng.reporters.JUnitReportReporter -->
<testsuite hostname="ANAIRA23PC" failures="0" tests="1" name="TestNg_Package.Write_code_for_printing" time="0.012" errors="0" timestamp="2023-03-25T14:21:16 EDT" skipped="0">
  <testcase classname="TestNg_Package.Write_code_for_printing" name="testCode" time="0.012"/>
  <system-out/>
</testsuite> <!-- TestNg_Package.Write_code_for_printing -->
