<?xml version="1.0" encoding="UTF-8"?>
<!-- Generated by org.testng.reporters.JUnitReportReporter -->
<testsuite hostname="ANAIRA23PC" failures="0" tests="1" name="TestNg_Package.Before_After_Class" time="7.390" errors="0" timestamp="2023-03-04T18:16:34 EST" skipped="0">
  <testcase classname="TestNg_Package.Before_After_Class" name="performLogin" time="7.390"/>
  <system-out/>
</testsuite> <!-- TestNg_Package.Before_After_Class -->
