<?xml version="1.0" encoding="UTF-8"?>
<!-- Generated by org.testng.reporters.JUnitReportReporter -->
<testsuite hostname="ANAIRA23PC" failures="0" tests="3" name="TestNg_Package.Priority_Test" time="14.858" errors="0" timestamp="2023-03-04T17:02:41 EST" skipped="0">
  <testcase classname="TestNg_Package.Priority_Test" name="openingAmazonSite" time="6.223"/>
  <system-out/>
  <testcase classname="TestNg_Package.Priority_Test" name="openingCNNBCSite" time="3.937"/>
  <system-out/>
  <testcase classname="TestNg_Package.Priority_Test" name="openingYahooSite" time="4.698"/>
  <system-out/>
</testsuite> <!-- TestNg_Package.Priority_Test -->
