<?xml version="1.0" encoding="UTF-8"?>
<!-- Generated by org.testng.reporters.JUnitReportReporter -->
<testsuite hostname="ANAIRA23PC" failures="0" tests="8" name="TestNg_Package.DependsOnTest" time="0.015" errors="0" timestamp="2023-03-25T19:37:02 EDT" skipped="0">
  <testcase classname="TestNg_Package.DependsOnTest" name="selectlocation" time="0.002"/>
  <system-out/>
  <testcase classname="TestNg_Package.DependsOnTest" name="clickonlogin" time="0.001"/>
  <system-out/>
  <testcase classname="TestNg_Package.DependsOnTest" name="selectDate" time="0.001"/>
  <system-out/>
  <testcase classname="TestNg_Package.DependsOnTest" name="enterPassword" time="0.000"/>
  <system-out/>
  <testcase classname="TestNg_Package.DependsOnTest" name="selectpreferences" time="0.002"/>
  <system-out/>
  <testcase classname="TestNg_Package.DependsOnTest" name="clickonlogout" time="0.001"/>
  <system-out/>
  <testcase classname="TestNg_Package.DependsOnTest" name="enterUsername" time="0.007"/>
  <system-out/>
  <testcase classname="TestNg_Package.DependsOnTest" name="clickonsearch" time="0.001"/>
  <system-out/>
</testsuite> <!-- TestNg_Package.DependsOnTest -->
