<?xml version="1.0" encoding="UTF-8"?>
<!-- Generated by org.testng.reporters.JUnitReportReporter -->
<testsuite hostname="ANAIRA23PC" failures="0" tests="8" name="TestNg_Package.Dependsontest_example" time="0.017" errors="0" timestamp="2023-03-25T16:02:49 EDT" skipped="0">
  <testcase classname="TestNg_Package.Dependsontest_example" name="selectlocation" time="0.001"/>
  <system-out/>
  <testcase classname="TestNg_Package.Dependsontest_example" name="clickonlogin" time="0.001"/>
  <system-out/>
  <testcase classname="TestNg_Package.Dependsontest_example" name="selectDate" time="0.000"/>
  <system-out/>
  <testcase classname="TestNg_Package.Dependsontest_example" name="enterPassword" time="0.002"/>
  <system-out/>
  <testcase classname="TestNg_Package.Dependsontest_example" name="selectpreferences" time="0.001"/>
  <system-out/>
  <testcase classname="TestNg_Package.Dependsontest_example" name="clickonlogout" time="0.002"/>
  <system-out/>
  <testcase classname="TestNg_Package.Dependsontest_example" name="enterUsername" time="0.009"/>
  <system-out/>
  <testcase classname="TestNg_Package.Dependsontest_example" name="clickonsearch" time="0.001"/>
  <system-out/>
</testsuite> <!-- TestNg_Package.Dependsontest_example -->
