<?xml version="1.0" encoding="UTF-8"?>
<!-- Generated by org.testng.reporters.JUnitReportReporter -->
<testsuite hostname="ANAIRA23PC" failures="0" tests="3" name="TestNg_Package.Testing_Two_Testcases" time="13.776" errors="0" timestamp="2023-03-04T17:04:56 EST" skipped="0">
  <testcase classname="TestNg_Package.Testing_Two_Testcases" name="openingYahooSite" time="4.447"/>
  <system-out/>
  <testcase classname="TestNg_Package.Testing_Two_Testcases" name="openingAmazonSite" time="6.052"/>
  <system-out/>
  <testcase classname="TestNg_Package.Testing_Two_Testcases" name="openingCnbcSite" time="3.277"/>
  <system-out/>
</testsuite> <!-- TestNg_Package.Testing_Two_Testcases -->
