<?xml version="1.0" encoding="UTF-8"?>
<!-- Generated by org.testng.reporters.JUnitReportReporter -->
<testsuite hostname="ANAIRA23PC" failures="0" tests="1" name="TestNg_Package.Assert_Title" time="2.295" errors="0" timestamp="2023-03-04T18:22:25 EST" skipped="0">
  <testcase classname="TestNg_Package.Assert_Title" name="checkGoogleSite" time="2.295"/>
  <system-out/>
</testsuite> <!-- TestNg_Package.Assert_Title -->
