<?xml version="1.0" encoding="UTF-8"?>
<!-- Generated by org.testng.reporters.JUnitReportReporter -->
<testsuite hostname="ANAIRA23PC" failures="0" tests="3" name="TestNg_Package.Opening_Multiple_Website" time="15.360" errors="0" timestamp="2023-02-26T09:57:43 EST" skipped="0">
  <testcase classname="TestNg_Package.Opening_Multiple_Website" name="openingAmazonSite" time="5.325"/>
  <system-out/>
  <testcase classname="TestNg_Package.Opening_Multiple_Website" name="openingCnbcSite" time="4.482"/>
  <system-out/>
  <testcase classname="TestNg_Package.Opening_Multiple_Website" name="openingYahooSite" time="5.553"/>
  <system-out/>
</testsuite> <!-- TestNg_Package.Opening_Multiple_Website -->
