<?xml version="1.0" encoding="UTF-8"?>
<!-- Generated by org.testng.reporters.JUnitReportReporter -->
<testsuite hostname="ANAIRA23PC" failures="0" tests="1" name="TestNg_Package.NewTest_all_annotation_exmpls" time="0.008" errors="0" timestamp="2023-03-25T15:33:06 EDT" skipped="0">
  <testcase classname="TestNg_Package.NewTest_all_annotation_exmpls" name="my_method" time="0.008"/>
  <system-out/>
</testsuite> <!-- TestNg_Package.NewTest_all_annotation_exmpls -->
