<?xml version="1.0" encoding="UTF-8"?>
<!-- Generated by org.testng.reporters.JUnitReportReporter -->
<testsuite hostname="ANAIRA23PC" failures="0" tests="2" name="TestNg_Package.Assert_After_Login" time="6.445" errors="0" timestamp="2023-03-04T18:25:07 EST" skipped="0">
  <testcase classname="TestNg_Package.Assert_After_Login" name="performLogin" time="4.401"/>
  <system-out/>
  <testcase classname="TestNg_Package.Assert_After_Login" name="assertHomePage" time="2.044"/>
  <system-out/>
</testsuite> <!-- TestNg_Package.Assert_After_Login -->
